\BOOKMARK [1][-]{chapter*.7}{\376\377\000A\000b\000k\000\374\000r\000z\000u\000n\000g\000s\000v\000e\000r\000z\000e\000i\000c\000h\000n\000i\000s}{}% 1
\BOOKMARK [1][-]{chapter*.10}{\376\377\000A\000b\000b\000i\000l\000d\000u\000n\000g\000s\000v\000e\000r\000z\000e\000i\000c\000h\000n\000i\000s}{}% 2
\BOOKMARK [1][-]{chapter*.12}{\376\377\000T\000a\000b\000e\000l\000l\000e\000n\000v\000e\000r\000z\000e\000i\000c\000h\000n\000i\000s}{}% 3
\BOOKMARK [1][-]{chapter*.14}{\376\377\000L\000i\000s\000t\000i\000n\000g\000s}{}% 4
\BOOKMARK [0][-]{chapter.1}{\376\377\000E\000i\000n\000l\000e\000i\000t\000u\000n\000g}{}% 5
\BOOKMARK [1][-]{section.1.1}{\376\377\000M\000o\000t\000i\000v\000a\000t\000i\000o\000n}{chapter.1}% 6
\BOOKMARK [1][-]{section.1.2}{\376\377\000Z\000i\000e\000l\000s\000e\000t\000z\000u\000n\000g}{chapter.1}% 7
\BOOKMARK [1][-]{section.1.3}{\376\377\000A\000u\000f\000b\000a\000u\000\040\000d\000e\000r\000\040\000A\000r\000b\000e\000i\000t}{chapter.1}% 8
\BOOKMARK [0][-]{chapter.2}{\376\377\000S\000t\000a\000n\000d\000\040\000d\000e\000r\000\040\000T\000e\000c\000h\000n\000i\000k}{}% 9
\BOOKMARK [1][-]{section.2.1}{\376\377\000D\000a\000t\000e\000n\000\040\000a\000l\000s\000\040\000w\000e\000r\000t\000s\000c\000h\000\366\000p\000f\000e\000n\000d\000e\000\040\000R\000e\000s\000s\000o\000u\000r\000c\000e}{chapter.2}% 10
\BOOKMARK [2][-]{subsection.2.1.1}{\376\377\000D\000a\000t\000e\000n}{section.2.1}% 11
\BOOKMARK [2][-]{subsection.2.1.2}{\376\377\000D\000a\000t\000e\000n\000q\000u\000a\000l\000i\000t\000\344\000t}{section.2.1}% 12
\BOOKMARK [1][-]{section.2.2}{\376\377\000K\000I}{chapter.2}% 13
\BOOKMARK [2][-]{subsection.2.2.1}{\376\377\000K\000\374\000n\000s\000t\000l\000i\000c\000h\000e\000\040\000I\000n\000t\000e\000l\000l\000i\000g\000e\000n\000z\000\040\000a\000l\000l\000g\000e\000m\000e\000i\000n}{section.2.2}% 14
\BOOKMARK [2][-]{subsection.2.2.2}{\376\377\000T\000e\000i\000l\000g\000e\000b\000i\000e\000t\000\040\000m\000a\000s\000c\000h\000i\000n\000e\000l\000l\000e\000s\000\040\000L\000e\000r\000n\000e\000n}{section.2.2}% 15
\BOOKMARK [2][-]{subsection.2.2.3}{\376\377\000E\000t\000h\000i\000k\000\040\000i\000n\000\040\000d\000e\000r\000\040\000k\000\374\000n\000s\000t\000l\000i\000c\000h\000e\000n\000\040\000I\000n\000t\000e\000l\000l\000i\000g\000e\000n\000z}{section.2.2}% 16
\BOOKMARK [1][-]{section.2.3}{\376\377\000V\000o\000r\000u\000r\000t\000e\000i\000l\000e\000\040\000i\000m\000\040\000Z\000u\000s\000a\000m\000m\000e\000n\000h\000a\000n\000g\000\040\000m\000i\000t\000\040\000K\000I}{chapter.2}% 17
\BOOKMARK [2][-]{subsection.2.3.1}{\376\377\000B\000i\000a\000s}{section.2.3}% 18
\BOOKMARK [2][-]{subsection.2.3.2}{\376\377\000D\000i\000s\000k\000r\000i\000m\000i\000n\000i\000e\000r\000u\000n\000g\000\040\000d\000u\000r\000c\000h\000\040\000V\000o\000r\000u\000r\000t\000e\000i\000l\000e\000\040\000i\000n\000\040\000D\000a\000t\000e\000n}{section.2.3}% 19
\BOOKMARK [2][-]{subsection.2.3.3}{\376\377\000G\000e\000g\000e\000n\000m\000a\000\337\000n\000a\000h\000m\000e\000n}{section.2.3}% 20
\BOOKMARK [0][-]{chapter.3}{\376\377\000P\000r\000a\000k\000t\000i\000s\000c\000h\000e\000r\000\040\000T\000e\000i\000l}{}% 21
\BOOKMARK [1][-]{section.3.1}{\376\377\000S\000z\000e\000n\000a\000r\000i\000e\000n}{chapter.3}% 22
\BOOKMARK [2][-]{subsection.3.1.1}{\376\377\000S\000z\000e\000n\000a\000r\000i\000o\000\040\000z\000u\000r\000\040\000B\000e\000w\000e\000r\000t\000u\000n\000g\000\040\000v\000o\000n\000\040\000B\000e\000w\000\344\000h\000r\000u\000n\000g\000s\000a\000n\000t\000r\000\344\000g\000e}{section.3.1}% 23
\BOOKMARK [2][-]{subsection.3.1.2}{\376\377\000S\000z\000e\000n\000a\000r\000i\000o\000\040\000z\000u\000r\000\040\000V\000o\000r\000h\000e\000r\000s\000a\000g\000e\000\040\000e\000i\000n\000e\000s\000\040\000s\000o\000z\000i\000a\000l\000e\000n\000\040\000P\000u\000n\000k\000t\000e\000s\000y\000s\000t\000e\000m\000s}{section.3.1}% 24
\BOOKMARK [2][-]{subsection.3.1.3}{\376\377\000V\000e\000r\000g\000l\000e\000i\000c\000h\000\040\000d\000e\000r\000\040\000S\000z\000e\000n\000a\000r\000i\000e\000n}{section.3.1}% 25
\BOOKMARK [1][-]{section.3.2}{\376\377\000K\000o\000n\000z\000e\000p\000t\000i\000o\000n}{chapter.3}% 26
\BOOKMARK [2][-]{subsection.3.2.1}{\376\377\000G\000r\000o\000b\000k\000o\000n\000z\000e\000p\000t}{section.3.2}% 27
\BOOKMARK [2][-]{subsection.3.2.2}{\376\377\000F\000e\000i\000n\000k\000o\000n\000z\000e\000p\000t}{section.3.2}% 28
\BOOKMARK [1][-]{section.3.3}{\376\377\000U\000m\000s\000e\000t\000z\000u\000n\000g}{chapter.3}% 29
\BOOKMARK [2][-]{subsection.3.3.1}{\376\377\000U\000m\000s\000e\000t\000z\000u\000n\000g\000\040\000d\000e\000s\000\040\000S\000z\000e\000n\000a\000r\000i\000o\000\040\000z\000u\000r\000\040\000B\000e\000w\000e\000r\000t\000u\000n\000g\000\040\000v\000o\000n\000\040\000B\000e\000w\000\344\000h\000r\000u\000n\000g\000s\000a\000n\000t\000r\000\344\000g\000e}{section.3.3}% 30
\BOOKMARK [2][-]{subsection.3.3.2}{\376\377\000U\000m\000s\000e\000t\000z\000u\000n\000g\000\040\000d\000e\000s\000\040\000S\000z\000e\000n\000a\000r\000i\000o\000\040\000z\000u\000r\000\040\000V\000o\000r\000h\000e\000r\000s\000a\000g\000e\000\040\000v\000o\000n\000\040\000e\000i\000n\000e\000m\000\040\000s\000o\000z\000i\000a\000l\000e\000n\000\040\000P\000u\000n\000k\000t\000e\000s\000y\000s\000t\000e\000m}{section.3.3}% 31
\BOOKMARK [1][-]{section.3.4}{\376\377\000D\000a\000t\000e\000n\000a\000u\000s\000w\000e\000r\000t\000u\000n\000g}{chapter.3}% 32
\BOOKMARK [1][-]{section.3.5}{\376\377\000E\000v\000a\000l\000u\000a\000t\000i\000o\000n\000\040\000d\000e\000r\000\040\000E\000r\000g\000e\000b\000n\000i\000s\000s\000e}{chapter.3}% 33
\BOOKMARK [0][-]{chapter.4}{\376\377\000S\000c\000h\000l\000u\000s\000s}{}% 34
\BOOKMARK [1][-]{section.4.1}{\376\377\000Z\000u\000s\000a\000m\000m\000e\000n\000f\000a\000s\000s\000u\000n\000g}{chapter.4}% 35
\BOOKMARK [1][-]{section.4.2}{\376\377\000A\000u\000s\000b\000l\000i\000c\000k}{chapter.4}% 36
\BOOKMARK [0][-]{appendix.A}{\376\377\000D\000a\000t\000e\000n\000g\000e\000n\000e\000r\000a\000t\000o\000r\000\040\000f\000\374\000r\000\040\000d\000a\000s\000\040\000S\000z\000e\000n\000a\000r\000i\000o\000\040\000z\000u\000r\000\040\000B\000e\000w\000e\000r\000t\000u\000n\000g\000\040\000v\000o\000n\000\040\000B\000e\000w\000\344\000h\000r\000u\000n\000g\000s\000a\000n\000t\000r\000\344\000g\000e}{}% 37
\BOOKMARK [0][-]{appendix.B}{\376\377\000D\000a\000t\000e\000n\000g\000e\000n\000e\000r\000a\000t\000o\000r\000\040\000f\000\374\000r\000\040\000d\000a\000s\000\040\000S\000z\000e\000n\000a\000r\000i\000o\000\040\000z\000u\000r\000\040\000V\000o\000r\000h\000e\000r\000s\000a\000g\000e\000\040\000e\000i\000n\000e\000s\000\040\000s\000o\000z\000i\000a\000l\000e\000n\000\040\000P\000u\000n\000k\000t\000e\000s\000y\000s\000t\000e\000m\000s}{}% 38
\BOOKMARK [0][-]{appendix.C}{\376\377\000T\000a\000b\000l\000e\000a\000u\000\040\000f\000\374\000r\000\040\000d\000a\000s\000\040\000S\000z\000e\000n\000a\000r\000i\000o\000\040\000z\000u\000r\000\040\000B\000e\000w\000e\000r\000t\000u\000n\000g\000\040\000v\000o\000n\000\040\000B\000e\000w\000\344\000h\000r\000u\000n\000g\000s\000a\000n\000t\000r\000\344\000g\000e}{}% 39
\BOOKMARK [0][-]{appendix.D}{\376\377\000T\000a\000b\000l\000e\000a\000u\000\040\000f\000\374\000r\000\040\000d\000a\000s\000\040\000S\000z\000e\000n\000a\000r\000i\000o\000\040\000z\000u\000r\000\040\000V\000o\000r\000h\000e\000r\000s\000a\000g\000e\000\040\000e\000i\000n\000e\000s\000\040\000s\000o\000z\000i\000a\000l\000e\000n\000\040\000P\000u\000n\000k\000t\000e\000s\000y\000s\000t\000e\000m\000s}{}% 40
